Using pre-set license
Built from '2020.3/staging' branch; Version is '2020.3.17f1 (a4537701e4ab) revision 10769271'; Using compiler version '192528614'; Build Type 'Release'
OS: 'Windows 10 Pro; OS build 19043.1237; Version 2009; 64bit' Language: 'es' Physical Memory: 8143 MB
BatchMode: 1, IsHumanControllingUs: 0, StartBugReporterOnCrash: 0, Is64bit: 1, IsPro: 0

COMMAND LINE ARGUMENTS:
C:\Program Files\Unity\Hub\Editor\2020.3.17f1\Editor\Unity.exe
-adb2
-batchMode
-noUpm
-name
AssetImportWorker0
-projectPath
C:/Users/Agustín/New Unity Project (1)
-logFile
Logs/AssetImportWorker0.log
-srvPort
56018
Successfully changed project path to: C:/Users/Agustín/New Unity Project (1)
C:/Users/Agustín/New Unity Project (1)
Using Asset Import Pipeline V2.
Refreshing native plugins compatible for Editor in 56.59 ms, found 2 plugins.
Preloading 0 native plugins for Editor in 0.00 ms.
Initialize engine version: 2020.3.17f1 (a4537701e4ab)
[Subsystems] Discovering subsystems at path C:/Program Files/Unity/Hub/Editor/2020.3.17f1/Editor/Data/Resources/UnitySubsystems
[Subsystems] Discovering subsystems at path C:/Users/Agustín/New Unity Project (1)/Assets
GfxDevice: creating device client; threaded=0
Direct3D:
    Version:  Direct3D 11.0 [level 10.1]
    Renderer: NVIDIA GeForce 210  (ID=0xa65)
    Vendor:   
    VRAM:     972 MB
    Driver:   21.21.13.4200
Initialize mono
Mono path[0] = 'C:/Program Files/Unity/Hub/Editor/2020.3.17f1/Editor/Data/Managed'
Mono path[1] = 'C:/Program Files/Unity/Hub/Editor/2020.3.17f1/Editor/Data/MonoBleedingEdge/lib/mono/unityjit'
Mono config path = 'C:/Program Files/Unity/Hub/Editor/2020.3.17f1/Editor/Data/MonoBleedingEdge/etc'
Using monoOptions --debugger-agent=transport=dt_socket,embedding=1,server=y,suspend=n,address=127.0.0.1:56660
Begin MonoManager ReloadAssembly
Registering precompiled unity dll's ...
Register platform support module: C:/Program Files/Unity/Hub/Editor/2020.3.17f1/Editor/Data/PlaybackEngines/WindowsStandaloneSupport/UnityEditor.WindowsStandalone.Extensions.dll
Registered in 0.003368 seconds.
Native extension for WindowsStandalone target not found
Refreshing native plugins compatible for Editor in 56.22 ms, found 2 plugins.
Preloading 0 native plugins for Editor in 0.00 ms.
Mono: successfully reloaded assembly
- Completed reload, in  1.391 seconds
Domain Reload Profiling:
	ReloadAssembly (1391ms)
		BeginReloadAssembly (74ms)
			ExecutionOrderSort (0ms)
			DisableScriptedObjects (0ms)
			BackupInstance (0ms)
			ReleaseScriptingObjects (0ms)
			CreateAndSetChildDomain (1ms)
		EndReloadAssembly (491ms)
			LoadAssemblies (71ms)
			RebuildTransferFunctionScriptingTraits (0ms)
			SetupTypeCache (177ms)
			ReleaseScriptCaches (0ms)
			RebuildScriptCaches (32ms)
			SetupLoadedEditorAssemblies (198ms)
				LogAssemblyErrors (0ms)
				InitializePlatformSupportModulesInManaged (5ms)
				SetLoadedEditorAssemblies (0ms)
				RefreshPlugins (56ms)
				BeforeProcessingInitializeOnLoad (13ms)
				ProcessInitializeOnLoadAttributes (90ms)
				ProcessInitializeOnLoadMethodAttributes (33ms)
				AfterProcessingInitializeOnLoad (0ms)
				EditorAssembliesLoaded (0ms)
			ExecutionOrderSort2 (0ms)
			AwakeInstancesAfterBackupRestoration (0ms)
Platform modules already initialized, skipping
Registering precompiled user dll's ...
Registered in 0.007203 seconds.
Begin MonoManager ReloadAssembly
Native extension for WindowsStandalone target not found
Refreshing native plugins compatible for Editor in 57.59 ms, found 2 plugins.
Preloading 0 native plugins for Editor in 0.00 ms.
Mono: successfully reloaded assembly
- Completed reload, in  1.389 seconds
Domain Reload Profiling:
	ReloadAssembly (1391ms)
		BeginReloadAssembly (177ms)
			ExecutionOrderSort (0ms)
			DisableScriptedObjects (5ms)
			BackupInstance (0ms)
			ReleaseScriptingObjects (0ms)
			CreateAndSetChildDomain (21ms)
		EndReloadAssembly (1135ms)
			LoadAssemblies (119ms)
			RebuildTransferFunctionScriptingTraits (0ms)
			SetupTypeCache (350ms)
			ReleaseScriptCaches (1ms)
			RebuildScriptCaches (53ms)
			SetupLoadedEditorAssemblies (484ms)
				LogAssemblyErrors (0ms)
				InitializePlatformSupportModulesInManaged (4ms)
				SetLoadedEditorAssemblies (0ms)
				RefreshPlugins (58ms)
				BeforeProcessingInitializeOnLoad (82ms)
				ProcessInitializeOnLoadAttributes (323ms)
				ProcessInitializeOnLoadMethodAttributes (5ms)
				AfterProcessingInitializeOnLoad (11ms)
				EditorAssembliesLoaded (0ms)
			ExecutionOrderSort2 (0ms)
			AwakeInstancesAfterBackupRestoration (8ms)
Platform modules already initialized, skipping
========================================================================
Worker process is ready to serve import requests
Launched and connected shader compiler UnityShaderCompiler.exe after 0.05 seconds
Refreshing native plugins compatible for Editor in 0.60 ms, found 2 plugins.
Preloading 0 native plugins for Editor in 0.00 ms.
Unloading 2710 Unused Serialized files (Serialized files now loaded: 0)
System memory in use before: 143.9 MB.
System memory in use after: 144.1 MB.

Unloading 18 unused Assets to reduce memory usage. Loaded Objects now: 3169.
Total: 3.702900 ms (FindLiveObjects: 0.381500 ms CreateObjectMapping: 0.078800 ms MarkObjects: 3.214400 ms  DeleteObjects: 0.026900 ms)

AssetImportParameters requested are different than current active one (requested -> active):
  custom:framework-win-MediaFoundation: 216162199b28c13a410421893ffa2e32 -> 
  custom:video-decoder-ogg-theora: a1e56fd34408186e4bbccfd4996cb3dc -> 
  custom:container-muxer-webm: aa71ff27fc2769a1b78a27578f13a17b -> 
  custom:container-demuxer-webm: 4f35f7cbe854078d1ac9338744f61a02 -> 
  custom:container-demuxer-ogg: 62fdf1f143b41e24485cea50d1cbac27 -> 
  custom:video-encoder-webm-vp8: eb34c28f22e8b96e1ab97ce403110664 -> 
  custom:video-decoder-webm-vp8: 9c59270c3fd7afecdb556c50c9e8de78 -> 
  custom:audio-decoder-ogg-vorbis: bf7c407c2cedff20999df2af8eb42d56 -> 
  custom:audio-encoder-webm-vorbis: bf7c407c2cedff20999df2af8eb42d56 -> 
========================================================================
Received Import Request.
  path: Assets/StarfieldMaterials/Scenes
  artifactKey: Guid(0cc8583eb8a90684db14637cefe122ab) Importer(815301076,1909f56bfc062723c751e8b465ee728b)
Start importing Assets/StarfieldMaterials/Scenes using Guid(0cc8583eb8a90684db14637cefe122ab) Importer(815301076,1909f56bfc062723c751e8b465ee728b)  -> (artifact id: '7cd88c34634b09398eaab4d70cb2417c') in 0.009212 seconds 
  Import took 0.013508 seconds .

========================================================================
Received Import Request.
  Time since last request: 0.000856 seconds.
  path: Assets/StarfieldMaterials
  artifactKey: Guid(a7a00ed22d0be33499e7223e9a1f0461) Importer(815301076,1909f56bfc062723c751e8b465ee728b)
Start importing Assets/StarfieldMaterials using Guid(a7a00ed22d0be33499e7223e9a1f0461) Importer(815301076,1909f56bfc062723c751e8b465ee728b)  -> (artifact id: 'd73ee9491e7418bac46158311ba29be0') in 0.002734 seconds 
  Import took 0.008091 seconds .

========================================================================
Received Import Request.
  Time since last request: 0.642119 seconds.
  path: Assets/StarfieldMaterials/Scripts
  artifactKey: Guid(5d5c9787d0f66464882d25e1c57a14be) Importer(815301076,1909f56bfc062723c751e8b465ee728b)
Start importing Assets/StarfieldMaterials/Scripts using Guid(5d5c9787d0f66464882d25e1c57a14be) Importer(815301076,1909f56bfc062723c751e8b465ee728b)  -> (artifact id: '1f45edde004f7e7949d798d2887db5d0') in 0.002829 seconds 
  Import took 0.027022 seconds .

========================================================================
Received Import Request.
  Time since last request: 2.164908 seconds.
  path: Assets/StarfieldMaterials/Textures
  artifactKey: Guid(8f41b23badd3db64f9b047a192436638) Importer(815301076,1909f56bfc062723c751e8b465ee728b)
Start importing Assets/StarfieldMaterials/Textures using Guid(8f41b23badd3db64f9b047a192436638) Importer(815301076,1909f56bfc062723c751e8b465ee728b)  -> (artifact id: 'e0ec4b098795dd56491995ee6e763eb2') in 0.002917 seconds 
  Import took 0.024329 seconds .

========================================================================
Received Import Request.
  Time since last request: 1.705344 seconds.
  path: Assets/StarfieldMaterials/Textures/Plain Starfields
  artifactKey: Guid(6471a7c7a8ef7594ebe37be350cb4e9b) Importer(815301076,1909f56bfc062723c751e8b465ee728b)
Start importing Assets/StarfieldMaterials/Textures/Plain Starfields using Guid(6471a7c7a8ef7594ebe37be350cb4e9b) Importer(815301076,1909f56bfc062723c751e8b465ee728b)  -> (artifact id: '348cdb0372ad7eb3c716faed937dc04f') in 0.002987 seconds 
  Import took 0.010403 seconds .

========================================================================
Received Import Request.
  Time since last request: 0.079872 seconds.
  path: Assets/StarfieldMaterials/Textures/Plain Starfields/PlainStarfield_01.png
  artifactKey: Guid(a63e1f65418ac804b89b705260d13a16) Importer(815301076,1909f56bfc062723c751e8b465ee728b)
Start importing Assets/StarfieldMaterials/Textures/Plain Starfields/PlainStarfield_01.png using Guid(a63e1f65418ac804b89b705260d13a16) Importer(815301076,1909f56bfc062723c751e8b465ee728b)  -> (artifact id: '168591c26e7f5b5447c62f5c53ea79aa') in 0.181543 seconds 
  Import took 0.187659 seconds .

========================================================================
Received Import Request.
  Time since last request: 0.000356 seconds.
  path: Assets/StarfieldMaterials/Textures/Plain Starfields/PlainStarfield_03.png
  artifactKey: Guid(fcc746ac4fb800f41a7c1dd4bc0005ee) Importer(815301076,1909f56bfc062723c751e8b465ee728b)
Start importing Assets/StarfieldMaterials/Textures/Plain Starfields/PlainStarfield_03.png using Guid(fcc746ac4fb800f41a7c1dd4bc0005ee) Importer(815301076,1909f56bfc062723c751e8b465ee728b)  -> (artifact id: '2c49b6430e27b961f7338259023a2a37') in 0.014053 seconds 
  Import took 0.019200 seconds .

========================================================================
Received Import Request.
  Time since last request: 0.000309 seconds.
  path: Assets/StarfieldMaterials/Textures/Plain Starfields/PlainStarfield_02.png
  artifactKey: Guid(d2c0af12fa3f7c5439d9ac9177aa6a9f) Importer(815301076,1909f56bfc062723c751e8b465ee728b)
Start importing Assets/StarfieldMaterials/Textures/Plain Starfields/PlainStarfield_02.png using Guid(d2c0af12fa3f7c5439d9ac9177aa6a9f) Importer(815301076,1909f56bfc062723c751e8b465ee728b)  -> (artifact id: 'c82018152a74c8c1f32279cecc8a61a1') in 0.013341 seconds 
  Import took 0.019388 seconds .

========================================================================
Received Import Request.
  Time since last request: 0.000381 seconds.
  path: Assets/StarfieldMaterials/Textures/Plain Starfields/PlainStarfield_04.png
  artifactKey: Guid(3967a03b335a71a42ac2f18c85e10d36) Importer(815301076,1909f56bfc062723c751e8b465ee728b)
Start importing Assets/StarfieldMaterials/Textures/Plain Starfields/PlainStarfield_04.png using Guid(3967a03b335a71a42ac2f18c85e10d36) Importer(815301076,1909f56bfc062723c751e8b465ee728b)  -> (artifact id: 'a5c1e4e38068b9ab4acc2ae8e5c39bb2') in 0.009709 seconds 
  Import took 0.013784 seconds .

========================================================================
Received Import Request.
  Time since last request: 30.778487 seconds.
  path: Assets/StarfieldMaterials/Textures/Plain Starfields/Materials
  artifactKey: Guid(7ba61a148f1bc7f4b94e8dbe4f650e3e) Importer(815301076,1909f56bfc062723c751e8b465ee728b)
Start importing Assets/StarfieldMaterials/Textures/Plain Starfields/Materials using Guid(7ba61a148f1bc7f4b94e8dbe4f650e3e) Importer(815301076,1909f56bfc062723c751e8b465ee728b)  -> (artifact id: 'a4cd78d3ef8c5e9d57fa7f48a05f5495') in 0.003150 seconds 
  Import took 0.008612 seconds .

========================================================================
Received Import Request.
  Time since last request: 0.083374 seconds.
  path: Assets/StarfieldMaterials/Textures/Plain Starfields/Materials/PlainStarfield_02.mat
  artifactKey: Guid(1f15b7e8bed7f3d4fb67b824f0494dab) Importer(815301076,1909f56bfc062723c751e8b465ee728b)
Start importing Assets/StarfieldMaterials/Textures/Plain Starfields/Materials/PlainStarfield_02.mat using Guid(1f15b7e8bed7f3d4fb67b824f0494dab) Importer(815301076,1909f56bfc062723c751e8b465ee728b)  -> (artifact id: 'c7e9627d7b982e8ecb8e190a1542697f') in 0.249604 seconds 
  Import took 0.254194 seconds .

========================================================================
Received Import Request.
  Time since last request: 0.000404 seconds.
  path: Assets/StarfieldMaterials/Textures/Plain Starfields/Materials/PlainStarfield_03.mat
  artifactKey: Guid(d7587fb6c6167724eb279ebc93092904) Importer(815301076,1909f56bfc062723c751e8b465ee728b)
Start importing Assets/StarfieldMaterials/Textures/Plain Starfields/Materials/PlainStarfield_03.mat using Guid(d7587fb6c6167724eb279ebc93092904) Importer(815301076,1909f56bfc062723c751e8b465ee728b)  -> (artifact id: 'de14fa653e1d5d85f77250dcecb7eac4') in 0.013680 seconds 
  Import took 0.018323 seconds .

========================================================================
Received Import Request.
  Time since last request: 7.259582 seconds.
  path: Assets/StarfieldMaterials/Textures/SingleNeb
  artifactKey: Guid(0997958e3ead06144bf65005b6381b79) Importer(815301076,1909f56bfc062723c751e8b465ee728b)
Start importing Assets/StarfieldMaterials/Textures/SingleNeb using Guid(0997958e3ead06144bf65005b6381b79) Importer(815301076,1909f56bfc062723c751e8b465ee728b)  -> (artifact id: 'dccfe39244fc893fd4d6ed7f2593edb9') in 0.003243 seconds 
  Import took 0.009827 seconds .

========================================================================
Received Import Request.
  Time since last request: 0.075063 seconds.
  path: Assets/StarfieldMaterials/Textures/SingleNeb/SingleNeb_01.png
  artifactKey: Guid(940d2fb1699e983498a0d934bd5ed7f1) Importer(815301076,1909f56bfc062723c751e8b465ee728b)
Start importing Assets/StarfieldMaterials/Textures/SingleNeb/SingleNeb_01.png using Guid(940d2fb1699e983498a0d934bd5ed7f1) Importer(815301076,1909f56bfc062723c751e8b465ee728b)  -> (artifact id: '2cf92dc810b806ff91e899117d68398b') in 0.022063 seconds 
  Import took 0.027493 seconds .

========================================================================
Received Import Request.
  Time since last request: 0.000303 seconds.
  path: Assets/StarfieldMaterials/Textures/SingleNeb/SingleNeb_07.png
  artifactKey: Guid(234956b9f0f6d3342949e325b64b22db) Importer(815301076,1909f56bfc062723c751e8b465ee728b)
Start importing Assets/StarfieldMaterials/Textures/SingleNeb/SingleNeb_07.png using Guid(234956b9f0f6d3342949e325b64b22db) Importer(815301076,1909f56bfc062723c751e8b465ee728b)  -> (artifact id: 'd5623d568dbd040bb3d5d10f20aab7a4') in 0.012443 seconds 
  Import took 0.017414 seconds .

========================================================================
Received Import Request.
  Time since last request: 0.000345 seconds.
  path: Assets/StarfieldMaterials/Textures/SingleNeb/SingleNeb_08.png
  artifactKey: Guid(4c1e43d371432ae4987708c889515593) Importer(815301076,1909f56bfc062723c751e8b465ee728b)
Start importing Assets/StarfieldMaterials/Textures/SingleNeb/SingleNeb_08.png using Guid(4c1e43d371432ae4987708c889515593) Importer(815301076,1909f56bfc062723c751e8b465ee728b)  -> (artifact id: 'd5e5a5e0de3792d1381fbf9d452eba74') in 0.010190 seconds 
  Import took 0.015216 seconds .

========================================================================
Received Import Request.
  Time since last request: 0.000313 seconds.
  path: Assets/StarfieldMaterials/Textures/SingleNeb/SingleNeb_02.png
  artifactKey: Guid(7948a5d3ead01f4479a143b7953e0961) Importer(815301076,1909f56bfc062723c751e8b465ee728b)
Start importing Assets/StarfieldMaterials/Textures/SingleNeb/SingleNeb_02.png using Guid(7948a5d3ead01f4479a143b7953e0961) Importer(815301076,1909f56bfc062723c751e8b465ee728b)  -> (artifact id: '3af2ddf0891b653f2c3187462f4eadf8') in 0.010036 seconds 
  Import took 0.014168 seconds .

========================================================================
Received Import Request.
  Time since last request: 0.000250 seconds.
  path: Assets/StarfieldMaterials/Textures/SingleNeb/SingleNeb_05.png
  artifactKey: Guid(bec00bfeb5521ff48b28ac4df811d531) Importer(815301076,1909f56bfc062723c751e8b465ee728b)
Start importing Assets/StarfieldMaterials/Textures/SingleNeb/SingleNeb_05.png using Guid(bec00bfeb5521ff48b28ac4df811d531) Importer(815301076,1909f56bfc062723c751e8b465ee728b)  -> (artifact id: 'b98ef8ec09980043fd9b701c0bb793b2') in 0.010432 seconds 
  Import took 0.015047 seconds .

========================================================================
Received Import Request.
  Time since last request: 0.000344 seconds.
  path: Assets/StarfieldMaterials/Textures/SingleNeb/SingleNeb_04.png
  artifactKey: Guid(d9a44efbb7762a94695e1a651bff8940) Importer(815301076,1909f56bfc062723c751e8b465ee728b)
Start importing Assets/StarfieldMaterials/Textures/SingleNeb/SingleNeb_04.png using Guid(d9a44efbb7762a94695e1a651bff8940) Importer(815301076,1909f56bfc062723c751e8b465ee728b)  -> (artifact id: '760e514e67861e3126cccfa7355618dc') in 0.011784 seconds 
  Import took 0.017406 seconds .

========================================================================
Received Import Request.
  Time since last request: 0.000315 seconds.
  path: Assets/StarfieldMaterials/Textures/SingleNeb/SingleNeb_03.png
  artifactKey: Guid(1987bbe697e48644e83c89f4defc77a2) Importer(815301076,1909f56bfc062723c751e8b465ee728b)
Start importing Assets/StarfieldMaterials/Textures/SingleNeb/SingleNeb_03.png using Guid(1987bbe697e48644e83c89f4defc77a2) Importer(815301076,1909f56bfc062723c751e8b465ee728b)  -> (artifact id: '0c8f4ec805632f50b50592ef44c00b59') in 0.012898 seconds 
  Import took 0.018802 seconds .

========================================================================
Received Import Request.
  Time since last request: 0.000432 seconds.
  path: Assets/StarfieldMaterials/Textures/SingleNeb/SingleNeb_09.png
  artifactKey: Guid(1a0be4ce8ad331141b7759d94dac84f1) Importer(815301076,1909f56bfc062723c751e8b465ee728b)
Start importing Assets/StarfieldMaterials/Textures/SingleNeb/SingleNeb_09.png using Guid(1a0be4ce8ad331141b7759d94dac84f1) Importer(815301076,1909f56bfc062723c751e8b465ee728b)  -> (artifact id: '81f06c1ad161b2f2f1a9491946e86844') in 0.014206 seconds 
  Import took 0.019854 seconds .

========================================================================
Received Import Request.
  Time since last request: 0.000328 seconds.
  path: Assets/StarfieldMaterials/Textures/SingleNeb/SingleNeb_10.png
  artifactKey: Guid(552fd930f2b35f8479d0d62dbeaa8d1f) Importer(815301076,1909f56bfc062723c751e8b465ee728b)
Start importing Assets/StarfieldMaterials/Textures/SingleNeb/SingleNeb_10.png using Guid(552fd930f2b35f8479d0d62dbeaa8d1f) Importer(815301076,1909f56bfc062723c751e8b465ee728b)  -> (artifact id: 'cc1a6d27a94dc7d596bbe0621b043bb1') in 0.016915 seconds 
  Import took 0.022334 seconds .

========================================================================
Received Import Request.
  Time since last request: 0.000303 seconds.
  path: Assets/StarfieldMaterials/Textures/SingleNeb/SingleNeb_06.png
  artifactKey: Guid(260e79429a42d56439946e97aa96c221) Importer(815301076,1909f56bfc062723c751e8b465ee728b)
Start importing Assets/StarfieldMaterials/Textures/SingleNeb/SingleNeb_06.png using Guid(260e79429a42d56439946e97aa96c221) Importer(815301076,1909f56bfc062723c751e8b465ee728b)  -> (artifact id: 'dacca5c6907ca4d97fbd600eda4531a4') in 0.016547 seconds 
  Import took 0.022784 seconds .

========================================================================
Received Import Request.
  Time since last request: 15.677501 seconds.
  path: Assets/StarfieldMaterials/Scenes/DemoScene.unity
  artifactKey: Guid(4dbac6043b5252d428c7c7447d24b268) Importer(815301076,1909f56bfc062723c751e8b465ee728b)
Start importing Assets/StarfieldMaterials/Scenes/DemoScene.unity using Guid(4dbac6043b5252d428c7c7447d24b268) Importer(815301076,1909f56bfc062723c751e8b465ee728b)  -> (artifact id: '3d499644271b396b8a74262e37d96824') in 0.003980 seconds 
  Import took 0.009351 seconds .

========================================================================
Received Import Request.
  Time since last request: 16.894928 seconds.
  path: Assets/StarfieldMaterials/README
  artifactKey: Guid(a872d0ec0e52c0d418e3345bee6ffddb) Importer(815301076,1909f56bfc062723c751e8b465ee728b)
Start importing Assets/StarfieldMaterials/README using Guid(a872d0ec0e52c0d418e3345bee6ffddb) Importer(815301076,1909f56bfc062723c751e8b465ee728b)  -> (artifact id: '8cbdf74956f9ae933ecb1383738652c1') in 0.003063 seconds 
  Import took 0.008814 seconds .

========================================================================
Received Import Request.
  Time since last request: 0.773828 seconds.
  path: Assets/StarfieldMaterials/README/Readme.txt
  artifactKey: Guid(9cf6306c32ff91949a36bb43611e61f5) Importer(815301076,1909f56bfc062723c751e8b465ee728b)
Start importing Assets/StarfieldMaterials/README/Readme.txt using Guid(9cf6306c32ff91949a36bb43611e61f5) Importer(815301076,1909f56bfc062723c751e8b465ee728b)  -> (artifact id: 'f59d4529cbb4adf20362c42f666bb1af') in 0.006236 seconds 
  Import took 0.011956 seconds .

========================================================================
Received Prepare
Registering precompiled user dll's ...
Registered in 0.006945 seconds.
Begin MonoManager ReloadAssembly
Native extension for WindowsStandalone target not found
Refreshing native plugins compatible for Editor in 0.56 ms, found 2 plugins.
Preloading 0 native plugins for Editor in 0.00 ms.
Mono: successfully reloaded assembly
- Completed reload, in  1.305 seconds
Domain Reload Profiling:
	ReloadAssembly (1305ms)
		BeginReloadAssembly (157ms)
			ExecutionOrderSort (0ms)
			DisableScriptedObjects (7ms)
			BackupInstance (0ms)
			ReleaseScriptingObjects (0ms)
			CreateAndSetChildDomain (41ms)
		EndReloadAssembly (1071ms)
			LoadAssemblies (118ms)
			RebuildTransferFunctionScriptingTraits (0ms)
			SetupTypeCache (336ms)
			ReleaseScriptCaches (2ms)
			RebuildScriptCaches (44ms)
			SetupLoadedEditorAssemblies (414ms)
				LogAssemblyErrors (0ms)
				InitializePlatformSupportModulesInManaged (5ms)
				SetLoadedEditorAssemblies (1ms)
				RefreshPlugins (1ms)
				BeforeProcessingInitializeOnLoad (73ms)
				ProcessInitializeOnLoadAttributes (320ms)
				ProcessInitializeOnLoadMethodAttributes (4ms)
				AfterProcessingInitializeOnLoad (11ms)
				EditorAssembliesLoaded (0ms)
			ExecutionOrderSort2 (0ms)
			AwakeInstancesAfterBackupRestoration (18ms)
Platform modules already initialized, skipping
Refreshing native plugins compatible for Editor in 0.59 ms, found 2 plugins.
Preloading 0 native plugins for Editor in 0.00 ms.
Unloading 2599 Unused Serialized files (Serialized files now loaded: 0)
System memory in use before: 141.8 MB.
System memory in use after: 142.0 MB.

Unloading 14 unused Assets to reduce memory usage. Loaded Objects now: 3251.
Total: 3.816200 ms (FindLiveObjects: 0.307700 ms CreateObjectMapping: 0.076800 ms MarkObjects: 3.410000 ms  DeleteObjects: 0.020500 ms)

AssetImportParameters requested are different than current active one (requested -> active):
  custom:framework-win-MediaFoundation: 216162199b28c13a410421893ffa2e32 -> 
  custom:video-decoder-ogg-theora: a1e56fd34408186e4bbccfd4996cb3dc -> 
  custom:container-muxer-webm: aa71ff27fc2769a1b78a27578f13a17b -> 
  custom:container-demuxer-webm: 4f35f7cbe854078d1ac9338744f61a02 -> 
  custom:container-demuxer-ogg: 62fdf1f143b41e24485cea50d1cbac27 -> 
  custom:video-encoder-webm-vp8: eb34c28f22e8b96e1ab97ce403110664 -> 
  custom:video-decoder-webm-vp8: 9c59270c3fd7afecdb556c50c9e8de78 -> 
  custom:audio-decoder-ogg-vorbis: bf7c407c2cedff20999df2af8eb42d56 -> 
  custom:audio-encoder-webm-vorbis: bf7c407c2cedff20999df2af8eb42d56 -> 
========================================================================
Received Import Request.
  Time since last request: 53.341817 seconds.
  path: Assets/StarfieldMaterials/DemoMaterials
  artifactKey: Guid(ca18f27f4d6f71f48bf1794f0b4b5999) Importer(815301076,1909f56bfc062723c751e8b465ee728b)
Start importing Assets/StarfieldMaterials/DemoMaterials using Guid(ca18f27f4d6f71f48bf1794f0b4b5999) Importer(815301076,1909f56bfc062723c751e8b465ee728b)  -> (artifact id: '8f271bf780864d31170a9097e2117cfe') in 0.007413 seconds 
  Import took 0.012939 seconds .

========================================================================
Received Import Request.
  Time since last request: 42.902546 seconds.
  path: Assets/Scenes/SampleScene.unity
  artifactKey: Guid(d1c3109bdb54ad54c8a2b2838528e640) Importer(815301076,1909f56bfc062723c751e8b465ee728b)
Start importing Assets/Scenes/SampleScene.unity using Guid(d1c3109bdb54ad54c8a2b2838528e640) Importer(815301076,1909f56bfc062723c751e8b465ee728b)  -> (artifact id: 'a1b694999a3c4dcc8c69e6c6c337d69b') in 0.016464 seconds 
  Import took 0.022948 seconds .

========================================================================
Received Prepare
Registering precompiled user dll's ...
Registered in 0.006748 seconds.
Begin MonoManager ReloadAssembly
Native extension for WindowsStandalone target not found
Refreshing native plugins compatible for Editor in 0.62 ms, found 2 plugins.
Preloading 0 native plugins for Editor in 0.00 ms.
Mono: successfully reloaded assembly
- Completed reload, in  1.295 seconds
Domain Reload Profiling:
	ReloadAssembly (1295ms)
		BeginReloadAssembly (139ms)
			ExecutionOrderSort (0ms)
			DisableScriptedObjects (5ms)
			BackupInstance (0ms)
			ReleaseScriptingObjects (0ms)
			CreateAndSetChildDomain (39ms)
		EndReloadAssembly (1079ms)
			LoadAssemblies (113ms)
			RebuildTransferFunctionScriptingTraits (0ms)
			SetupTypeCache (341ms)
			ReleaseScriptCaches (2ms)
			RebuildScriptCaches (46ms)
			SetupLoadedEditorAssemblies (420ms)
				LogAssemblyErrors (0ms)
				InitializePlatformSupportModulesInManaged (5ms)
				SetLoadedEditorAssemblies (0ms)
				RefreshPlugins (1ms)
				BeforeProcessingInitializeOnLoad (77ms)
				ProcessInitializeOnLoadAttributes (320ms)
				ProcessInitializeOnLoadMethodAttributes (5ms)
				AfterProcessingInitializeOnLoad (11ms)
				EditorAssembliesLoaded (0ms)
			ExecutionOrderSort2 (0ms)
			AwakeInstancesAfterBackupRestoration (18ms)
Platform modules already initialized, skipping
Refreshing native plugins compatible for Editor in 0.82 ms, found 2 plugins.
Preloading 0 native plugins for Editor in 0.00 ms.
Unloading 2599 Unused Serialized files (Serialized files now loaded: 0)
System memory in use before: 141.9 MB.
System memory in use after: 142.1 MB.

Unloading 14 unused Assets to reduce memory usage. Loaded Objects now: 3253.
Total: 3.781400 ms (FindLiveObjects: 0.303400 ms CreateObjectMapping: 0.076900 ms MarkObjects: 3.380900 ms  DeleteObjects: 0.019100 ms)

AssetImportParameters requested are different than current active one (requested -> active):
  custom:framework-win-MediaFoundation: 216162199b28c13a410421893ffa2e32 -> 
  custom:video-decoder-ogg-theora: a1e56fd34408186e4bbccfd4996cb3dc -> 
  custom:container-muxer-webm: aa71ff27fc2769a1b78a27578f13a17b -> 
  custom:container-demuxer-webm: 4f35f7cbe854078d1ac9338744f61a02 -> 
  custom:container-demuxer-ogg: 62fdf1f143b41e24485cea50d1cbac27 -> 
  custom:video-encoder-webm-vp8: eb34c28f22e8b96e1ab97ce403110664 -> 
  custom:video-decoder-webm-vp8: 9c59270c3fd7afecdb556c50c9e8de78 -> 
  custom:audio-decoder-ogg-vorbis: bf7c407c2cedff20999df2af8eb42d56 -> 
  custom:audio-encoder-webm-vorbis: bf7c407c2cedff20999df2af8eb42d56 -> 
========================================================================
Received Import Request.
  Time since last request: 91.425680 seconds.
  path: Assets/Soccer Ball
  artifactKey: Guid(03714fd3616dfd743aa159d9a2dc347a) Importer(815301076,1909f56bfc062723c751e8b465ee728b)
Start importing Assets/Soccer Ball using Guid(03714fd3616dfd743aa159d9a2dc347a) Importer(815301076,1909f56bfc062723c751e8b465ee728b)  -> (artifact id: 'd23fbe7200ba655634810fa53cc7b24f') in 0.007053 seconds 
  Import took 0.012594 seconds .

========================================================================
Received Import Request.
  Time since last request: 1.623985 seconds.
  path: Assets/Soccer Ball/Meshes
  artifactKey: Guid(c5d8a6c3714e5f843b93ff540e6ac8c0) Importer(815301076,1909f56bfc062723c751e8b465ee728b)
Start importing Assets/Soccer Ball/Meshes using Guid(c5d8a6c3714e5f843b93ff540e6ac8c0) Importer(815301076,1909f56bfc062723c751e8b465ee728b)  -> (artifact id: 'ca8692f6a285c72e7719f88b73ed0c16') in 0.003297 seconds 
  Import took 0.009273 seconds .

========================================================================
Received Import Request.
  Time since last request: 0.550900 seconds.
  path: Assets/Soccer Ball/Materials
  artifactKey: Guid(ca25f5934cb6f5e469a9be3010ef64dc) Importer(815301076,1909f56bfc062723c751e8b465ee728b)
Start importing Assets/Soccer Ball/Materials using Guid(ca25f5934cb6f5e469a9be3010ef64dc) Importer(815301076,1909f56bfc062723c751e8b465ee728b)  -> (artifact id: 'c226da9fdeb8da8b14a2b0def74b655a') in 0.002870 seconds 
  Import took 0.009356 seconds .

========================================================================
Received Import Request.
  Time since last request: 0.037911 seconds.
  path: Assets/Soccer Ball/Materials/Black-Ball-Material.mat
  artifactKey: Guid(fb69c479c3cec624b96dfe20d305c1b9) Importer(815301076,1909f56bfc062723c751e8b465ee728b)
Start importing Assets/Soccer Ball/Materials/Black-Ball-Material.mat using Guid(fb69c479c3cec624b96dfe20d305c1b9) Importer(815301076,1909f56bfc062723c751e8b465ee728b)  -> (artifact id: '505ea7e12d96dc9c770a1fe67bdfb069') in 0.192605 seconds 
  Import took 0.199037 seconds .

========================================================================
Received Import Request.
  Time since last request: 0.000316 seconds.
  path: Assets/Soccer Ball/Materials/White-Ball-Material.mat
  artifactKey: Guid(cff0f8a4e9c85a045be6d610d20b87b3) Importer(815301076,1909f56bfc062723c751e8b465ee728b)
Start importing Assets/Soccer Ball/Materials/White-Ball-Material.mat using Guid(cff0f8a4e9c85a045be6d610d20b87b3) Importer(815301076,1909f56bfc062723c751e8b465ee728b)  -> (artifact id: '0457ff24ed077e7198750cd08f5cd3d4') in 0.012375 seconds 
  Import took 0.017390 seconds .

========================================================================
Received Import Request.
  Time since last request: 3.897053 seconds.
  path: Assets/Soccer Ball/Prefabs
  artifactKey: Guid(0568f5915658c3f4fa3c842868a406ee) Importer(815301076,1909f56bfc062723c751e8b465ee728b)
Start importing Assets/Soccer Ball/Prefabs using Guid(0568f5915658c3f4fa3c842868a406ee) Importer(815301076,1909f56bfc062723c751e8b465ee728b)  -> (artifact id: '14829775b5001e71e4145b90c89864aa') in 0.003445 seconds 
  Import took 0.008920 seconds .

========================================================================
Received Import Request.
  Time since last request: 0.079415 seconds.
  path: Assets/Soccer Ball/Prefabs/Soccer Ball.prefab
  artifactKey: Guid(ec3e8f3ed27e2244caaedaf589590a03) Importer(815301076,1909f56bfc062723c751e8b465ee728b)
Start importing Assets/Soccer Ball/Prefabs/Soccer Ball.prefab using Guid(ec3e8f3ed27e2244caaedaf589590a03) Importer(815301076,1909f56bfc062723c751e8b465ee728b)  -> (artifact id: '9b70468e1690db705abc0b0851b61c5a') in 0.051862 seconds 
  Import took 0.057574 seconds .

========================================================================
Received Import Request.
  Time since last request: 10.502115 seconds.
  path: Assets/Soccer Ball/Textures
  artifactKey: Guid(6faa3d855cf626b4a9c681d552256f42) Importer(815301076,1909f56bfc062723c751e8b465ee728b)
Start importing Assets/Soccer Ball/Textures using Guid(6faa3d855cf626b4a9c681d552256f42) Importer(815301076,1909f56bfc062723c751e8b465ee728b)  -> (artifact id: 'e1e4dd4ac3bc39daf2dd647feea01b03') in 0.003048 seconds 
  Import took 0.007338 seconds .

========================================================================
Received Import Request.
  Time since last request: 0.059320 seconds.
  path: Assets/Soccer Ball/Textures/Soccer Ball Normal Map.png
  artifactKey: Guid(a0d8751da35d5344ea4738f6a8227a0d) Importer(815301076,1909f56bfc062723c751e8b465ee728b)
Start importing Assets/Soccer Ball/Textures/Soccer Ball Normal Map.png using Guid(a0d8751da35d5344ea4738f6a8227a0d) Importer(815301076,1909f56bfc062723c751e8b465ee728b)  -> (artifact id: '770253a242f28f60729a3446bfd3aaea') in 0.021876 seconds 
  Import took 0.027862 seconds .

========================================================================
Received Import Request.
  Time since last request: 21.618904 seconds.
  path: Assets/Soccer Ball/Materials/Soccer Ball Normal Map.mat
  artifactKey: Guid(150ac6067c0b0c9478a477fce0953fac) Importer(815301076,1909f56bfc062723c751e8b465ee728b)
Start importing Assets/Soccer Ball/Materials/Soccer Ball Normal Map.mat using Guid(150ac6067c0b0c9478a477fce0953fac) Importer(815301076,1909f56bfc062723c751e8b465ee728b)  -> (artifact id: 'cfa90f28667ef76c16386ae5ef525b93') in 0.014959 seconds 
  Import took 0.021887 seconds .

========================================================================
Received Import Request.
  Time since last request: 13.626982 seconds.
  path: Assets/Soccer Ball/Meshes/Soccer Ball Mesh.fbx
  artifactKey: Guid(58119f7e9f45c2944a0b18dd33378ffd) Importer(815301076,1909f56bfc062723c751e8b465ee728b)
Start importing Assets/Soccer Ball/Meshes/Soccer Ball Mesh.fbx using Guid(58119f7e9f45c2944a0b18dd33378ffd) Importer(815301076,1909f56bfc062723c751e8b465ee728b)  -> (artifact id: '1fc6a91e2bc625941a10a3b10380badb') in 0.075222 seconds 
  Import took 0.082809 seconds .

========================================================================
Received Import Request.
  Time since last request: 62.820956 seconds.
  path: Assets/TutorialInfo
  artifactKey: Guid(49110bb8dcada46328ad741970bce702) Importer(815301076,1909f56bfc062723c751e8b465ee728b)
Start importing Assets/TutorialInfo using Guid(49110bb8dcada46328ad741970bce702) Importer(815301076,1909f56bfc062723c751e8b465ee728b)  -> (artifact id: 'de5a30219286eb2a872f2f84d66d9616') in 0.003145 seconds 
  Import took 0.009054 seconds .

========================================================================
Received Prepare
Registering precompiled user dll's ...
Registered in 0.007140 seconds.
Begin MonoManager ReloadAssembly
Native extension for WindowsStandalone target not found
Refreshing native plugins compatible for Editor in 0.91 ms, found 2 plugins.
Preloading 0 native plugins for Editor in 0.00 ms.
Mono: successfully reloaded assembly
- Completed reload, in  1.306 seconds
Domain Reload Profiling:
	ReloadAssembly (1307ms)
		BeginReloadAssembly (140ms)
			ExecutionOrderSort (0ms)
			DisableScriptedObjects (7ms)
			BackupInstance (0ms)
			ReleaseScriptingObjects (0ms)
			CreateAndSetChildDomain (39ms)
		EndReloadAssembly (1091ms)
			LoadAssemblies (111ms)
			RebuildTransferFunctionScriptingTraits (0ms)
			SetupTypeCache (336ms)
			ReleaseScriptCaches (2ms)
			RebuildScriptCaches (52ms)
			SetupLoadedEditorAssemblies (421ms)
				LogAssemblyErrors (0ms)
				InitializePlatformSupportModulesInManaged (5ms)
				SetLoadedEditorAssemblies (1ms)
				RefreshPlugins (1ms)
				BeforeProcessingInitializeOnLoad (76ms)
				ProcessInitializeOnLoadAttributes (323ms)
				ProcessInitializeOnLoadMethodAttributes (4ms)
				AfterProcessingInitializeOnLoad (10ms)
				EditorAssembliesLoaded (0ms)
			ExecutionOrderSort2 (0ms)
			AwakeInstancesAfterBackupRestoration (18ms)
Platform modules already initialized, skipping
Refreshing native plugins compatible for Editor in 0.62 ms, found 2 plugins.
Preloading 0 native plugins for Editor in 0.00 ms.
Unloading 2599 Unused Serialized files (Serialized files now loaded: 0)
System memory in use before: 142.2 MB.
System memory in use after: 142.5 MB.

Unloading 14 unused Assets to reduce memory usage. Loaded Objects now: 3296.
Total: 5.321200 ms (FindLiveObjects: 0.392300 ms CreateObjectMapping: 0.091700 ms MarkObjects: 4.805900 ms  DeleteObjects: 0.029400 ms)

AssetImportParameters requested are different than current active one (requested -> active):
  custom:framework-win-MediaFoundation: 216162199b28c13a410421893ffa2e32 -> 
  custom:video-decoder-ogg-theora: a1e56fd34408186e4bbccfd4996cb3dc -> 
  custom:container-muxer-webm: aa71ff27fc2769a1b78a27578f13a17b -> 
  custom:container-demuxer-webm: 4f35f7cbe854078d1ac9338744f61a02 -> 
  custom:container-demuxer-ogg: 62fdf1f143b41e24485cea50d1cbac27 -> 
  custom:video-encoder-webm-vp8: eb34c28f22e8b96e1ab97ce403110664 -> 
  custom:video-decoder-webm-vp8: 9c59270c3fd7afecdb556c50c9e8de78 -> 
  custom:audio-decoder-ogg-vorbis: bf7c407c2cedff20999df2af8eb42d56 -> 
  custom:audio-encoder-webm-vorbis: bf7c407c2cedff20999df2af8eb42d56 -> 
AssetImportWorkerClient::OnTransportError - code=2 error=End of file
